<?xml version="1.0" encoding="UTF-8"?>
<testsuite name="org.cthing.versionparser.VersionTests" tests="3" skipped="0" failures="0" errors="0" timestamp="2016-12-29T01:17:59" hostname="meson.lan" time="0.07">
  <properties/>
  <testcase name="testParsing" classname="org.cthing.versionparser.VersionTests" time="0.068"/>
  <testcase name="testCompare" classname="org.cthing.versionparser.VersionTests" time="0.002"/>
  <testcase name="testEquality" classname="org.cthing.versionparser.VersionTests" time="0.0"/>
  <system-out><![CDATA[]]></system-out>
  <system-err><![CDATA[]]></system-err>
</testsuite>
