<?xml version="1.0" encoding="UTF-8"?>
<testsuite name="org.cthing.versionparser.VersionTests" tests="3" skipped="0" failures="0" errors="0" timestamp="2016-12-28T20:42:31" hostname="meson.lan" time="0.074">
  <properties/>
  <testcase name="testParsing" classname="org.cthing.versionparser.VersionTests" time="0.072"/>
  <testcase name="testCompare" classname="org.cthing.versionparser.VersionTests" time="0.001"/>
  <testcase name="testEquality" classname="org.cthing.versionparser.VersionTests" time="0.001"/>
  <system-out><![CDATA[]]></system-out>
  <system-err><![CDATA[]]></system-err>
</testsuite>
