<?xml version="1.0" encoding="UTF-8"?>
<testsuite name="org.cthing.versionparser.VersionTests" tests="3" skipped="0" failures="0" errors="0" timestamp="2017-02-17T04:08:57" hostname="meson.lan" time="0.099">
  <properties/>
  <testcase name="testParsing" classname="org.cthing.versionparser.VersionTests" time="0.097"/>
  <testcase name="testCompare" classname="org.cthing.versionparser.VersionTests" time="0.002"/>
  <testcase name="testEquality" classname="org.cthing.versionparser.VersionTests" time="0.0"/>
  <system-out><![CDATA[]]></system-out>
  <system-err><![CDATA[]]></system-err>
</testsuite>
